/Users/zacharyreid/Library/Python/3.9/lib/python/site-packages/urllib3/__init__.py:35: NotOpenSSLWarning: urllib3 v2 only supports OpenSSL 1.1.1+, currently the 'ssl' module is compiled with 'LibreSSL 2.8.3'. See: https://github.com/urllib3/urllib3/issues/3020
  warnings.warn(
============================================================
UFC DATA COLLECTION - FULL RUN
============================================================

[1/3] Fetching all fighters...
Started run: nd5XlL9ngcFvUUBIH
  Status: RUNNING...
  Fetched 1 items...
✓ Got 10 fighters

[2/3] Fetching detailed stats for 10 fighters...
NOTE: This will cost ~$0.35 at $35/1000 results

[1/10] Zarrukh Adashev
Started run: 4BGQe2vLZWINaa80L
  Status: RUNNING...
  Fetched 1 items...
Started run: SwhPcjj8NedIsHbFn
  Status: RUNNING...
  Fetched 1 items...
  ✓ 4 fights, stats: True

[2/10] Jesus Aguilar
Started run: YtbJxn9waPFsxZ9pj
  Status: RUNNING...
  Fetched 1 items...
Started run: a0cxu7Cnfa6JyHNdI
  Status: RUNNING...
  Fetched 1 items...
  ✓ 6 fights, stats: True

[3/10] Amir Albazi
Started run: JUvSwuMDfbpXHdxGX
  Status: RUNNING...
  Fetched 1 items...
Started run: MkimN7znwMMuby6xE
  Status: RUNNING...
  Fetched 1 items...
  ✓ 7 fights, stats: True

[4/10] Asu Almabayev
Started run: o9w4VvjisGL5YNtkz
  Status: RUNNING...
  Fetched 1 items...
Started run: ahaIoKzji48hkhEtK
  Status: RUNNING...
  Status: RUNNING...
  Status: RUNNING...
  Fetched 1 items...
  ✓ 7 fights, stats: True

[5/10] Victor Altamirano
Started run: A1covH0YTmeUU5015
  Status: RUNNING...
  Fetched 1 items...
Started run: YrCvcGEebwjguPUPc
  Status: RUNNING...
  Status: RUNNING...
  Status: RUNNING...
  Fetched 1 items...
  ✓ 6 fights, stats: True

[6/10] Jaime Alvarez
Started run: 2nPwVYohn5J1GEqPZ
  Status: RUNNING...
  Fetched 1 items...
Started run: Zkj2J76eKtJkJV0NW
  Status: RUNNING...
  Status: RUNNING...
  Status: RUNNING...
  Fetched 1 items...
  ✓ 1 fights, stats: True

[7/10] Juan Andres Luna
Started run: I0fSCz0pJSXgFg7P2
  Status: RUNNING...
  Fetched 1 items...
Started run: Q9GcFiB6gkfuB0cps
  Status: RUNNING...
  Fetched 1 items...
  ✓ 1 fights, stats: True

[8/10] Adam Antolin
Started run: 77uJqRAKX6IzhmL6F
  Status: RUNNING...
  Fetched 1 items...
Started run: VnJtl6KaX4XxkM5WU
  Status: RUNNING...
  Fetched 1 items...
  ✓ 1 fights, stats: True

[9/10] Kai Asakura
Started run: 4CNvayj6Opkxx9niA
  Status: RUNNING...
  Fetched 1 items...
Started run: 1Y4ebY7DW6VcborOl
  Status: RUNNING...
  Fetched 1 items...
  ✓ 2 fights, stats: True

[10/10] Arman Ashimov
Started run: Cbbo4remdFxW3Uq78
  Status: RUNNING...
  Fetched 1 items...
Started run: 5ddK2HNcEcgAfdqIX
  Status: RUNNING...
  Fetched 1 items...
  ✓ 1 fights, stats: True

[3/3] Saving complete dataset...

============================================================
COMPLETE!
  Total fighters: 10
  With fight history: 10
  Files saved:
    - apify_all_fighters_basic.json
    - ufc_fighters_complete.json
============================================================
